{"/Users/arifebrahim/Projects/bank_tech_test/src/account.js": {"path":"/Users/arifebrahim/Projects/bank_tech_test/src/account.js","statementMap":{"0":{"start":{"line":1,"column":25},"end":{"line":1,"column":49}},"1":{"start":{"line":2,"column":18},"end":{"line":2,"column":40}},"2":{"start":{"line":6,"column":4},"end":{"line":6,"column":21}},"3":{"start":{"line":7,"column":4},"end":{"line":7,"column":22}},"4":{"start":{"line":8,"column":4},"end":{"line":8,"column":35}},"5":{"start":{"line":9,"column":4},"end":{"line":9,"column":31}},"6":{"start":{"line":13,"column":4},"end":{"line":13,"column":27}},"7":{"start":{"line":14,"column":4},"end":{"line":14,"column":77}},"8":{"start":{"line":18,"column":4},"end":{"line":20,"column":5}},"9":{"start":{"line":19,"column":6},"end":{"line":19,"column":86}},"10":{"start":{"line":21,"column":4},"end":{"line":21,"column":27}},"11":{"start":{"line":22,"column":4},"end":{"line":22,"column":77}},"12":{"start":{"line":26,"column":4},"end":{"line":26,"column":46}},"13":{"start":{"line":30,"column":0},"end":{"line":30,"column":25}}},"fnMap":{"0":{"name":"(anonymous_0)","decl":{"start":{"line":5,"column":2},"end":{"line":5,"column":3}},"loc":{"start":{"line":5,"column":75},"end":{"line":10,"column":3}},"line":5},"1":{"name":"(anonymous_1)","decl":{"start":{"line":12,"column":2},"end":{"line":12,"column":3}},"loc":{"start":{"line":12,"column":18},"end":{"line":15,"column":3}},"line":12},"2":{"name":"(anonymous_2)","decl":{"start":{"line":17,"column":2},"end":{"line":17,"column":3}},"loc":{"start":{"line":17,"column":19},"end":{"line":23,"column":3}},"line":17},"3":{"name":"(anonymous_3)","decl":{"start":{"line":25,"column":2},"end":{"line":25,"column":3}},"loc":{"start":{"line":25,"column":19},"end":{"line":27,"column":3}},"line":25}},"branchMap":{"0":{"loc":{"start":{"line":5,"column":14},"end":{"line":5,"column":44}},"type":"default-arg","locations":[{"start":{"line":5,"column":28},"end":{"line":5,"column":44}}],"line":5},"1":{"loc":{"start":{"line":5,"column":46},"end":{"line":5,"column":73}},"type":"default-arg","locations":[{"start":{"line":5,"column":58},"end":{"line":5,"column":73}}],"line":5},"2":{"loc":{"start":{"line":18,"column":4},"end":{"line":20,"column":5}},"type":"if","locations":[{"start":{"line":18,"column":4},"end":{"line":20,"column":5}},{"start":{"line":18,"column":4},"end":{"line":20,"column":5}}],"line":18}},"s":{"0":2,"1":2,"2":13,"3":13,"4":13,"5":13,"6":9,"7":9,"8":6,"9":1,"10":5,"11":5,"12":2,"13":2},"f":{"0":13,"1":9,"2":6,"3":2},"b":{"0":[5],"1":[5],"2":[1,5]},"_coverageSchema":"1a1c01bbd47fc00a2c39e90264f33305004495a9","hash":"d164671367e55a507f84f9a3f7cb82e9128bb033"}
,"/Users/arifebrahim/Projects/bank_tech_test/src/statement.js": {"path":"/Users/arifebrahim/Projects/bank_tech_test/src/statement.js","statementMap":{"0":{"start":{"line":3,"column":4},"end":{"line":3,"column":55}},"1":{"start":{"line":7,"column":24},"end":{"line":7,"column":40}},"2":{"start":{"line":8,"column":4},"end":{"line":10,"column":5}},"3":{"start":{"line":9,"column":6},"end":{"line":9,"column":27}},"4":{"start":{"line":11,"column":4},"end":{"line":23,"column":7}},"5":{"start":{"line":12,"column":28},"end":{"line":12,"column":65}},"6":{"start":{"line":13,"column":6},"end":{"line":13,"column":47}},"7":{"start":{"line":14,"column":6},"end":{"line":20,"column":7}},"8":{"start":{"line":15,"column":32},"end":{"line":15,"column":61}},"9":{"start":{"line":16,"column":8},"end":{"line":16,"column":54}},"10":{"start":{"line":17,"column":13},"end":{"line":20,"column":7}},"11":{"start":{"line":18,"column":31},"end":{"line":18,"column":59}},"12":{"start":{"line":19,"column":8},"end":{"line":19,"column":53}},"13":{"start":{"line":21,"column":31},"end":{"line":21,"column":61}},"14":{"start":{"line":22,"column":6},"end":{"line":22,"column":45}},"15":{"start":{"line":24,"column":4},"end":{"line":24,"column":25}},"16":{"start":{"line":28,"column":0},"end":{"line":28,"column":27}}},"fnMap":{"0":{"name":"(anonymous_0)","decl":{"start":{"line":2,"column":2},"end":{"line":2,"column":3}},"loc":{"start":{"line":2,"column":16},"end":{"line":4,"column":3}},"line":2},"1":{"name":"(anonymous_1)","decl":{"start":{"line":6,"column":2},"end":{"line":6,"column":3}},"loc":{"start":{"line":6,"column":17},"end":{"line":25,"column":3}},"line":6},"2":{"name":"(anonymous_2)","decl":{"start":{"line":11,"column":30},"end":{"line":11,"column":31}},"loc":{"start":{"line":11,"column":47},"end":{"line":23,"column":5}},"line":11}},"branchMap":{"0":{"loc":{"start":{"line":8,"column":4},"end":{"line":10,"column":5}},"type":"if","locations":[{"start":{"line":8,"column":4},"end":{"line":10,"column":5}},{"start":{"line":8,"column":4},"end":{"line":10,"column":5}}],"line":8},"1":{"loc":{"start":{"line":14,"column":6},"end":{"line":20,"column":7}},"type":"if","locations":[{"start":{"line":14,"column":6},"end":{"line":20,"column":7}},{"start":{"line":14,"column":6},"end":{"line":20,"column":7}}],"line":14},"2":{"loc":{"start":{"line":17,"column":13},"end":{"line":20,"column":7}},"type":"if","locations":[{"start":{"line":17,"column":13},"end":{"line":20,"column":7}},{"start":{"line":17,"column":13},"end":{"line":20,"column":7}}],"line":17}},"s":{"0":10,"1":6,"2":6,"3":1,"4":5,"5":7,"6":7,"7":7,"8":3,"9":3,"10":4,"11":4,"12":4,"13":7,"14":7,"15":5,"16":3},"f":{"0":10,"1":6,"2":7},"b":{"0":[1,5],"1":[3,4],"2":[4,0]},"_coverageSchema":"1a1c01bbd47fc00a2c39e90264f33305004495a9","hash":"448802dcbaff916cdbe246808807fad21a62394c"}
,"/Users/arifebrahim/Projects/bank_tech_test/src/transaction.js": {"path":"/Users/arifebrahim/Projects/bank_tech_test/src/transaction.js","statementMap":{"0":{"start":{"line":3,"column":4},"end":{"line":3,"column":27}},"1":{"start":{"line":4,"column":4},"end":{"line":4,"column":25}},"2":{"start":{"line":5,"column":4},"end":{"line":5,"column":23}},"3":{"start":{"line":6,"column":4},"end":{"line":6,"column":27}},"4":{"start":{"line":10,"column":0},"end":{"line":10,"column":29}}},"fnMap":{"0":{"name":"(anonymous_0)","decl":{"start":{"line":2,"column":2},"end":{"line":2,"column":3}},"loc":{"start":{"line":2,"column":50},"end":{"line":7,"column":3}},"line":2}},"branchMap":{"0":{"loc":{"start":{"line":2,"column":14},"end":{"line":2,"column":24}},"type":"default-arg","locations":[{"start":{"line":2,"column":23},"end":{"line":2,"column":24}}],"line":2},"1":{"loc":{"start":{"line":2,"column":26},"end":{"line":2,"column":35}},"type":"default-arg","locations":[{"start":{"line":2,"column":34},"end":{"line":2,"column":35}}],"line":2},"2":{"loc":{"start":{"line":2,"column":37},"end":{"line":2,"column":48}},"type":"default-arg","locations":[{"start":{"line":2,"column":47},"end":{"line":2,"column":48}}],"line":2}},"s":{"0":10,"1":10,"2":10,"3":10,"4":3},"f":{"0":10},"b":{"0":[5],"1":[7],"2":[3]},"_coverageSchema":"1a1c01bbd47fc00a2c39e90264f33305004495a9","hash":"5b12e1aab375e68cb9d7e67ff7cb2cccdf9f58ad"}
}
