TN:
SF:src/account.js
FN:5,(anonymous_0)
FN:12,(anonymous_1)
FN:17,(anonymous_2)
FN:25,(anonymous_3)
FNF:4
FNH:4
FNDA:13,(anonymous_0)
FNDA:9,(anonymous_1)
FNDA:6,(anonymous_2)
FNDA:2,(anonymous_3)
DA:1,2
DA:2,2
DA:6,13
DA:7,13
DA:8,13
DA:9,13
DA:13,9
DA:14,9
DA:18,6
DA:19,1
DA:21,5
DA:22,5
DA:26,2
DA:30,2
LF:14
LH:14
BRDA:5,0,0,5
BRDA:5,1,0,5
BRDA:18,2,0,1
BRDA:18,2,1,5
BRF:4
BRH:4
end_of_record
TN:
SF:src/statement.js
FN:2,(anonymous_0)
FN:6,(anonymous_1)
FN:11,(anonymous_2)
FNF:3
FNH:3
FNDA:10,(anonymous_0)
FNDA:6,(anonymous_1)
FNDA:7,(anonymous_2)
DA:3,10
DA:7,6
DA:8,6
DA:9,1
DA:11,5
DA:12,7
DA:13,7
DA:14,7
DA:15,3
DA:16,3
DA:17,4
DA:18,4
DA:19,4
DA:21,7
DA:22,7
DA:24,5
DA:28,3
LF:17
LH:17
BRDA:8,0,0,1
BRDA:8,0,1,5
BRDA:14,1,0,3
BRDA:14,1,1,4
BRDA:17,2,0,4
BRDA:17,2,1,0
BRF:6
BRH:5
end_of_record
TN:
SF:src/transaction.js
FN:2,(anonymous_0)
FNF:1
FNH:1
FNDA:10,(anonymous_0)
DA:3,10
DA:4,10
DA:5,10
DA:6,10
DA:10,3
LF:5
LH:5
BRDA:2,0,0,5
BRDA:2,1,0,7
BRDA:2,2,0,3
BRF:3
BRH:3
end_of_record
